Output Data: bto 2024-03-20 14:28:45


Summary Table
+---+-----------+-----------+-----------+-----------+-----------+-----------+-----------+-----------+------------+-----------+-----------+
|   | p_x       | p_y       | p_z       | p_tot     | d_x       | d_y       | d_z       | d_tot     | alpha_max  | alpha_avg | alpha_min |
| ! | 0.3163648 | 0.2934311 | 0.2992333 | 0.5250991 | 1.7547654 | 1.6064186 | 1.6447259 | 2.8922146 | 10.0702733 | 9.3167127 | 8.6230424 |
+---+-----------+-----------+-----------+-----------+-----------+-----------+-----------+-----------+------------+-----------+-----------+


Polarization Statistics Table
+-----------------+---------------+---------------+
|                 |   ('A', 'Ba') |   ('B', 'Ti') |
|-----------------+---------------+---------------|
| ('p_x', 'mean') |   0.00590365  |    0.033642   |
| ('p_x', 'std')  |   0.000694079 |    0.00336565 |
| ('p_x', 'min')  |   0.00519305  |    0.0287582  |
| ('p_x', 'max')  |   0.00704824  |    0.03874    |
| ('p_y', 'mean') |   0.00510745  |    0.0315714  |
| ('p_y', 'std')  |   0.000607737 |    0.00249885 |
| ('p_y', 'min')  |   0.00450237  |    0.0279428  |
| ('p_y', 'max')  |   0.00586322  |    0.0342207  |
| ('p_z', 'mean') |   0.0053224   |    0.0320818  |
| ('p_z', 'std')  |   0.00056004  |    0.00220459 |
| ('p_z', 'min')  |   0.00426286  |    0.0286734  |
| ('p_z', 'max')  |   0.00608023  |    0.0355973  |
+-----------------+---------------+---------------+

Displacement Statistics Table
+-----------------+---------------+---------------+
|                 |   ('A', 'Ba') |   ('B', 'Ti') |
|-----------------+---------------+---------------|
| ('d_x', 'mean') |    0.068789   |    0.150557   |
| ('d_x', 'std')  |    0.00808738 |    0.0150621  |
| ('d_x', 'min')  |    0.0605092  |    0.1287     |
| ('d_x', 'max')  |    0.0821258  |    0.173372   |
| ('d_y', 'mean') |    0.0595119  |    0.14129    |
| ('d_y', 'std')  |    0.00708133 |    0.011183   |
| ('d_y', 'min')  |    0.0524615  |    0.125052   |
| ('d_y', 'max')  |    0.068318   |    0.153147   |
| ('d_z', 'mean') |    0.0620164  |    0.143574   |
| ('d_z', 'std')  |    0.00652557 |    0.00986613 |
| ('d_z', 'min')  |    0.0496706  |    0.128321   |
| ('d_z', 'max')  |    0.0708466  |    0.159307   |
+-----------------+---------------+---------------+

Alpha Statistics Table
+---------------------+------------+
|                     |         Ti |
|---------------------+------------|
| ('alpha_x', 'mean') | 171.148    |
| ('alpha_x', 'std')  |   0.597844 |
| ('alpha_x', 'min')  | 170.224    |
| ('alpha_x', 'max')  | 172.258    |
| ('alpha_y', 'mean') | 171.35     |
| ('alpha_y', 'std')  |   0.885492 |
| ('alpha_y', 'min')  | 169.93     |
| ('alpha_y', 'max')  | 172.544    |
| ('alpha_z', 'mean') | 171.28     |
| ('alpha_z', 'std')  |   0.684611 |
| ('alpha_z', 'min')  | 170.493    |
| ('alpha_z', 'max')  | 172.284    |
+---------------------+------------+


Verbose Summary
('A', 'Ba', 0)
{    'p': array([0.00692699, 0.00470108, 0.00530011]),
     'd': array([0.08071303, 0.05477681, 0.0617567 ]),
     'hedra_idx': array([298, 246, 243,  98, 107, 312, 295, 316, 320, 221,  81,  25]),
     'hedra': array([[ 2.13456444,  0.08938812, -1.84305549],
       [ 0.10877499, -1.8740523 ,  2.1277305 ],
       [ 2.12149642, -1.85347296,  0.09544357],
       [-1.89627188,  2.14884169,  0.07986799],
       [-1.86832961,  0.1194992 ,  2.1443005 ],
       [ 2.12144984,  2.14162026,  0.11342758],
       [ 0.08247051,  2.15924513, -1.86155747],
       [ 0.0721273 ,  2.13489531,  2.13288077],
       [ 2.11862981,  0.10516993,  2.11026148],
       [ 0.08933091, -1.85062339, -1.86711806],
       [-1.86311464,  0.10060949, -1.86315193],
       [-1.85910695, -1.85817554,  0.09856235]]),
     'alpha': array([0, 0, 0])}

('A', 'Ba', 1)
{    'p': array([0.00519305, 0.00450237, 0.00426286]),
     'd': array([0.06050916, 0.05246149, 0.04967064]),
     'hedra_idx': array([324, 322, 255, 245, 320, 316, 107, 319, 105,  37, 110, 246]),
     'hedra': array([[ 2.14997637,  2.10742538,  4.11402084],
       [ 2.13456444,  0.08938812,  6.16414451],
       [ 2.15488088, -1.83660206,  4.11577581],
       [ 0.08933091, -1.85062339,  6.14008194],
       [ 2.11862981,  0.10516993,  2.11026148],
       [ 0.0721273 ,  2.13489531,  2.13288077],
       [-1.86832961,  0.1194992 ,  2.1443005 ],
       [ 0.08247051,  2.15924513,  6.14564253],
       [-1.86311464,  0.10060949,  6.14404807],
       [-1.88434382, -1.8546247 ,  4.10412901],
       [-1.85899054,  2.12997348,  4.11163722],
       [ 0.10877499, -1.8740523 ,  2.1277305 ]]),
     'alpha': array([0, 0, 0])}

('A', 'Ba', 2)
{    'p': array([0.00704824, 0.00451166, 0.00580668]),
     'd': array([0.08212581, 0.05256966, 0.06765918]),
     'hedra_idx': array([314, 323, 328, 258, 297, 241, 320, 312, 307, 298, 243, 233]),
     'hedra': array([[ 6.11092812,  2.14884169,  0.07986799],
       [ 6.13887039,  0.1194992 ,  2.1443005 ],
       [ 4.09537827,  2.1348098 ,  2.15392091],
       [ 4.0986744 , -1.85829865,  2.12381684],
       [ 6.14408536,  0.10060949, -1.86315193],
       [ 6.14809305, -1.85817554,  0.09856235],
       [ 2.11862981,  0.10516993,  2.11026148],
       [ 2.12144984,  2.14162026,  0.11342758],
       [ 4.11159865,  2.15256655, -1.87284515],
       [ 2.13456444,  0.08938812, -1.84305549],
       [ 2.12149642, -1.85347296,  0.09544357],
       [ 4.09034409, -1.89308459, -1.86532849]]),
     'alpha': array([0, 0, 0])}

('A', 'Ba', 3)
{    'p': array([0.00563835, 0.00586322, 0.00608023]),
     'd': array([0.06569783, 0.06831797, 0.07084662]),
     'hedra_idx': array([318, 119, 332,  97, 315, 312, 316, 295, 293, 310,  93,  98]),
     'hedra': array([[ 0.10877499,  6.1331477 ,  2.1277305 ],
       [-1.84975844,  4.11276568,  2.1435947 ],
       [ 2.16100206,  4.09709476,  2.15285888],
       [-1.85910695,  6.14902446,  0.09856235],
       [ 2.12149642,  6.15372704,  0.09544357],
       [ 2.12144984,  2.14162026,  0.11342758],
       [ 0.0721273 ,  2.13489531,  2.13288077],
       [ 0.08247051,  2.15924513, -1.86155747],
       [ 0.08933091,  6.15657661, -1.86711806],
       [ 2.15651264,  4.10873015, -1.89306358],
       [-1.88311047,  4.09854375, -1.85339701],
       [-1.89627188,  2.14884169,  0.07986799]]),
     'alpha': array([0, 0, 0])}

('A', 'Ba', 4)
{    'p': array([0.00582459, 0.00518103, 0.00541305]),
     'd': array([0.06786789, 0.06036911, 0.06307265]),
     'hedra_idx': array([319, 110, 332, 117, 119, 109, 334, 327, 317, 324, 318, 316]),
     'hedra': array([[ 0.08247051,  2.15924513,  6.14564253],
       [-1.85899054,  2.12997348,  4.11163722],
       [ 2.16100206,  4.09709476,  2.15285888],
       [-1.88311047,  4.09854375,  6.15380299],
       [-1.84975844,  4.11276568,  2.1435947 ],
       [-1.88434382,  6.1525753 ,  4.10412901],
       [ 2.15651264,  4.10873015,  6.11413642],
       [ 2.15488088,  6.17059794,  4.11577581],
       [ 0.08933091,  6.15657661,  6.14008194],
       [ 2.14997637,  2.10742538,  4.11402084],
       [ 0.10877499,  6.1331477 ,  2.1277305 ],
       [ 0.0721273 ,  2.13489531,  2.13288077]]),
     'alpha': array([0, 0, 0])}

('A', 'Ba', 5)
{    'p': array([0.00543127, 0.0057012 , 0.00529695]),
     'd': array([0.06328489, 0.06643017, 0.06171982]),
     'hedra_idx': array([323, 321, 331, 328, 326, 324, 253, 322, 257, 258, 255, 320]),
     'hedra': array([[ 6.13887039,  0.1194992 ,  2.1443005 ],
       [ 6.14408536,  0.10060949,  6.14404807],
       [ 4.11159865,  2.15256655,  6.13435485],
       [ 4.09537827,  2.1348098 ,  2.15392091],
       [ 6.14820946,  2.12997348,  4.11163722],
       [ 2.14997637,  2.10742538,  4.11402084],
       [ 6.12285618, -1.8546247 ,  4.10412901],
       [ 2.13456444,  0.08938812,  6.16414451],
       [ 4.09034409, -1.89308459,  6.14187151],
       [ 4.0986744 , -1.85829865,  2.12381684],
       [ 2.15488088, -1.83660206,  4.11577581],
       [ 2.11862981,  0.10516993,  2.11026148]]),
     'alpha': array([0, 0, 0])}

('A', 'Ba', 6)
{    'p': array([0.00563321, 0.0045859 , 0.00554823]),
     'd': array([0.06563788, 0.05343476, 0.06464776]),
     'hedra_idx': array([305, 309, 335, 332, 313, 330, 314, 328, 312, 307, 315, 310]),
     'hedra': array([[ 4.09034409,  6.11411541, -1.86532849],
       [ 6.12408953,  4.09854375, -1.85339701],
       [ 6.15744156,  4.11276568,  2.1435947 ],
       [ 2.16100206,  4.09709476,  2.15285888],
       [ 6.14809305,  6.14902446,  0.09856235],
       [ 4.0986744 ,  6.14890135,  2.12381684],
       [ 6.11092812,  2.14884169,  0.07986799],
       [ 4.09537827,  2.1348098 ,  2.15392091],
       [ 2.12144984,  2.14162026,  0.11342758],
       [ 4.11159865,  2.15256655, -1.87284515],
       [ 2.12149642,  6.15372704,  0.09544357],
       [ 2.15651264,  4.10873015, -1.89306358]]),
     'alpha': array([0, 0, 0])}

('A', 'Ba', 7)
{    'p': array([0.00553348, 0.00581317, 0.00487108]),
     'd': array([0.06447584, 0.06773484, 0.05675765]),
     'hedra_idx': array([325, 333, 329, 334, 331, 330, 335, 327, 326, 332, 328, 324]),
     'hedra': array([[6.12285618, 6.1525753 , 4.10412901],
       [6.12408953, 4.09854375, 6.15380299],
       [4.09034409, 6.11411541, 6.14187151],
       [2.15651264, 4.10873015, 6.11413642],
       [4.11159865, 2.15256655, 6.13435485],
       [4.0986744 , 6.14890135, 2.12381684],
       [6.15744156, 4.11276568, 2.1435947 ],
       [2.15488088, 6.17059794, 4.11577581],
       [6.14820946, 2.12997348, 4.11163722],
       [2.16100206, 4.09709476, 2.15285888],
       [4.09537827, 2.1348098 , 2.15392091],
       [2.14997637, 2.10742538, 4.11402084]]),
     'alpha': array([0, 0, 0])}

('B', 'Ti', 8)
{    'p': array([0.03388427, 0.02794284, 0.03092694]),
     'd': array([0.15164102, 0.12505157, 0.13840622]),
     'hedra_idx': array([534, 395, 325, 335, 313, 330]),
     'hedra': array([[8.11597499, 6.1331477 , 2.1277305 ],
       [6.13887039, 8.1266992 , 2.1443005 ],
       [6.12285618, 6.1525753 , 4.10412901],
       [6.15744156, 4.11276568, 2.1435947 ],
       [6.14809305, 6.14902446, 0.09856235],
       [4.0986744 , 6.14890135, 2.12381684]]),
     'alpha': array([171.15786634, 171.59506516, 171.06161728])}

('B', 'Ti', 9)
{    'p': array([0.03202338, 0.03337635, 0.03094763]),
     'd': array([0.14331305, 0.14936794, 0.13849882]),
     'hedra_idx': array([334, 336, 324, 322, 319, 331]),
     'hedra': array([[2.15651264, 4.10873015, 6.11413642],
       [2.12144984, 2.14162026, 8.12062758],
       [2.14997637, 2.10742538, 4.11402084],
       [2.13456444, 0.08938812, 6.16414451],
       [0.08247051, 2.15924513, 6.14564253],
       [4.11159865, 2.15256655, 6.13435485]]),
     'alpha': array([171.51466153, 171.34424542, 170.71483822])}

('B', 'Ti', 10)
{    'p': array([0.02875819, 0.0335632 , 0.03058817]),
     'd': array([0.12870049, 0.15020418, 0.1368901 ]),
     'hedra_idx': array([333, 535, 326, 338, 331, 321]),
     'hedra': array([[6.12408953, 4.09854375, 6.15380299],
       [8.08967051, 2.15924513, 6.14564253],
       [6.14820946, 2.12997348, 4.11163722],
       [6.11092812, 2.14884169, 8.08706799],
       [4.11159865, 2.15256655, 6.13435485],
       [6.14408536, 0.10060949, 6.14404807]]),
     'alpha': array([172.25751783, 172.54388459, 171.37695762])}

('B', 'Ti', 11)
{    'p': array([0.03244656, 0.03122512, 0.03262781]),
     'd': array([0.1452069 , 0.13974063, 0.14601805]),
     'hedra_idx': array([330, 327, 392, 318, 332, 315]),
     'hedra': array([[4.0986744 , 6.14890135, 2.12381684],
       [2.15488088, 6.17059794, 4.11577581],
       [2.11862981, 8.11236993, 2.11026148],
       [0.10877499, 6.1331477 , 2.1277305 ],
       [2.16100206, 4.09709476, 2.15285888],
       [2.12149642, 6.15372704, 0.09544357]]),
     'alpha': array([170.62806936, 170.59983498, 172.18148394])}

('B', 'Ti', 12)
{    'p': array([0.03183068, 0.0342207 , 0.02867345]),
     'd': array([0.14245066, 0.15314663, 0.12832123]),
     'hedra_idx': array([339, 317, 394, 327, 329, 334]),
     'hedra': array([[2.12149642, 6.15372704, 8.10264357],
       [0.08933091, 6.15657661, 6.14008194],
       [2.13456444, 8.09658812, 6.16414451],
       [2.15488088, 6.17059794, 4.11577581],
       [4.09034409, 6.11411541, 6.14187151],
       [2.15651264, 4.10873015, 6.11413642]]),
     'alpha': array([171.06604072, 172.47842186, 172.28387962])}

('B', 'Ti', 13)
{    'p': array([0.03831224, 0.02894502, 0.03366472]),
     'd': array([0.17145737, 0.1295366 , 0.15065851]),
     'hedra_idx': array([532, 323, 326, 335, 328, 314]),
     'hedra': array([[8.0793273 , 2.13489531, 2.13288077],
       [6.13887039, 0.1194992 , 2.1443005 ],
       [6.14820946, 2.12997348, 4.11163722],
       [6.15744156, 4.11276568, 2.1435947 ],
       [4.09537827, 2.1348098 , 2.15392091],
       [6.11092812, 2.14884169, 0.07986799]]),
     'alpha': array([171.21388862, 171.34925666, 170.4934968 ])}

('B', 'Ti', 14)
{    'p': array([0.03314032, 0.03380196, 0.03559734]),
     'd': array([0.14831168, 0.15127266, 0.15930748]),
     'hedra_idx': array([337, 333, 393, 329, 533, 325]),
     'hedra': array([[6.14809305, 6.14902446, 8.10576235],
       [6.12408953, 4.09854375, 6.15380299],
       [6.14408536, 8.10780949, 6.14404807],
       [4.09034409, 6.11411541, 6.14187151],
       [8.09653091, 6.15657661, 6.14008194],
       [6.12285618, 6.1525753 , 4.10412901]]),
     'alpha': array([170.22378618, 170.96275558, 171.49509195])}

('B', 'Ti', 15)
{    'p': array([0.03874004, 0.02949626, 0.03362807]),
     'd': array([0.17337187, 0.13200354, 0.1504945 ]),
     'hedra_idx': array([320, 324, 328, 332, 312, 316]),
     'hedra': array([[2.11862981, 0.10516993, 2.11026148],
       [2.14997637, 2.10742538, 4.11402084],
       [4.09537827, 2.1348098 , 2.15392091],
       [2.16100206, 4.09709476, 2.15285888],
       [2.12144984, 2.14162026, 0.11342758],
       [0.0721273 , 2.13489531, 2.13288077]]),
     'alpha': array([171.11973697, 169.92972666, 170.63265962])}

