Output Data: pzt 2024-05-04 13:49:33


Summary Table
+---+-----------+-----------+-----------+-----------+-----------+-----------+-----------+-----------+------------+------------+------------+
|   | p_x       | p_y       | p_z       | p_tot     | d_x       | d_y       | d_z       | d_tot     | alpha_max  | alpha_avg  | alpha_min  |
| ! | 0.0004699 | 0.8869701 | 0.0001074 | 0.8869703 | 0.0030866 | 5.2164133 | 0.0002946 | 5.2164142 | 17.0777683 | 17.0460217 | 17.0254343 |
+---+-----------+-----------+-----------+-----------+-----------+-----------+-----------+-----------+------------+------------+------------+


Polarization Statistics Table
+-----------------+---------------+---------------+
|                 |   ('A', 'Pb') |   ('B', 'Ti') |
|-----------------+---------------+---------------|
| ('p_x', 'mean') |   4.00975e-05 |   1.86386e-05 |
| ('p_x', 'std')  |   8.07006e-05 |   4.53647e-05 |
| ('p_x', 'min')  |  -3.44101e-05 |  -3.44175e-05 |
| ('p_x', 'max')  |   0.000187182 |   8.5479e-05  |
| ('p_y', 'mean') |   0.0537227   |   0.0571486   |
| ('p_y', 'std')  |   4.98685e-05 |   5.14206e-05 |
| ('p_y', 'min')  |   0.0536627   |   0.0570791   |
| ('p_y', 'max')  |   0.0537979   |   0.0572065   |
| ('p_z', 'mean') |  -5.6345e-06  |   1.90606e-05 |
| ('p_z', 'std')  |   8.64908e-05 |   5.74754e-05 |
| ('p_z', 'min')  |  -0.000129791 |  -9.18845e-05 |
| ('p_z', 'max')  |   0.000119293 |   8.56869e-05 |
+-----------------+---------------+---------------+

Displacement Statistics Table
+-----------------+---------------+---------------+
|                 |   ('A', 'Pb') |   ('B', 'Ti') |
|-----------------+---------------+---------------|
| ('d_x', 'mean') |   0.000307557 |   7.82701e-05 |
| ('d_x', 'std')  |   0.000618992 |   0.000190502 |
| ('d_x', 'min')  |  -0.000263933 |  -0.000144531 |
| ('d_x', 'max')  |   0.00143573  |   0.000358956 |
| ('d_y', 'mean') |   0.412065    |   0.239986    |
| ('d_y', 'std')  |   0.000382503 |   0.000215933 |
| ('d_y', 'min')  |   0.411605    |   0.239695    |
| ('d_y', 'max')  |   0.412642    |   0.24023     |
| ('d_z', 'mean') |  -4.32179e-05 |   8.00418e-05 |
| ('d_z', 'std')  |   0.000663404 |   0.000241359 |
| ('d_z', 'min')  |  -0.000995524 |  -0.000385855 |
| ('d_z', 'max')  |   0.000915005 |   0.000359828 |
+-----------------+---------------+---------------+

Alpha Statistics Table
+---------------------+-------------+
|                     |          Ti |
|---------------------+-------------|
| ('alpha_x', 'mean') | 162.96      |
| ('alpha_x', 'std')  |   0.0208902 |
| ('alpha_x', 'min')  | 162.922     |
| ('alpha_x', 'max')  | 162.992     |
| ('alpha_y', 'mean') | 179.968     |
| ('alpha_y', 'std')  |   0.0117339 |
| ('alpha_y', 'min')  | 179.948     |
| ('alpha_y', 'max')  | 179.984     |
| ('alpha_z', 'mean') | 162.962     |
| ('alpha_z', 'std')  |   0.0164297 |
| ('alpha_z', 'min')  | 162.936     |
| ('alpha_z', 'max')  | 162.988     |
+---------------------+-------------+


Verbose Summary
('B', 'Ti', 0)
{    'p': array([-5.06288507e-06,  5.70791257e-02,  4.29330424e-05]),
     'd': array([-2.12607860e-05,  2.39694771e-01,  1.80290529e-04]),
     'hedra_idx': array([322, 332, 288, 313, 328, 320]),
     'hedra': array([[ 1.91483203,  3.92993279,  1.91851709],
       [ 3.84492671,  1.85800208,  1.91638573],
       [ 1.9167224 ,  1.85968521, -0.01228509],
       [ 1.91676059,  1.85503453,  3.84499629],
       [-0.01207338,  1.85658553,  1.91677115],
       [ 1.91712842, -0.11714398,  1.91340876]]),
     'alpha': array([162.96634437, 179.96422133, 162.97140606])}

('B', 'Ti', 1)
{    'p': array([1.21546074e-05, 5.71117721e-02, 8.56868677e-05]),
     'd': array([5.10413535e-05, 2.39831864e-01, 3.59828464e-04]),
     'hedra_idx': array([321, 115, 335, 314, 315, 323]),
     'hedra': array([[ 1.91752513,  7.97712448,  5.77616343],
       [-0.01164172,  5.90517739,  5.77425197],
       [ 3.84542578,  5.90391043,  5.77344918],
       [ 1.91741873,  5.90257284,  7.70205574],
       [ 1.9163654 ,  5.90710704,  3.84458782],
       [ 1.91715057,  3.92981113,  5.77156314]]),
     'alpha': array([162.96893654, 179.96458516, 162.98788175])}

('B', 'Ti', 2)
{    'p': array([4.03195094e-05, 5.71893231e-02, 8.46787345e-05]),
     'd': array([1.69315410e-04, 2.40157528e-01, 3.55594968e-04]),
     'hedra_idx': array([316, 327, 333, 545, 317, 325]),
     'hedra': array([[ 5.77384567,  1.85710217,  7.70175257],
       [ 5.77345534,  3.92903533,  5.77235296],
       [ 3.84497458,  1.85648873,  5.77326366],
       [ 7.70217692,  1.85582952,  5.7730479 ],
       [ 5.77368246,  1.85487462,  3.844841  ],
       [ 5.77297433, -0.11876616,  5.77468912]]),
     'alpha': array([162.94757695, 179.96728293, 162.93643059])}

('B', 'Ti', 3)
{    'p': array([-3.01638875e-05,  5.71955589e-02, -9.18845482e-05]),
     'd': array([-1.26668480e-04,  2.40183714e-01, -3.85854644e-04]),
     'hedra_idx': array([318, 330, 334, 326, 324, 319]),
     'hedra': array([[ 5.77312224,  5.90278391, -0.01235317],
       [ 7.70264394,  5.90472692,  1.91514847],
       [ 3.84555227,  5.90291853,  1.9163232 ],
       [ 5.77559129,  3.92864371,  1.91744892],
       [ 5.77305933,  7.97638427,  1.91484279],
       [ 5.7738617 ,  5.90463348,  3.84470363]]),
     'alpha': array([162.96211559, 179.98353433, 162.9553061 ])}

('A', 'Pb', 4)
{    'p': array([8.98889213e-05, 5.37852390e-02, 4.74458321e-05]),
     'd': array([6.89468410e-04, 4.12544980e-01, 3.63920291e-04]),
     'hedra_idx': array([640, 632, 537, 617, 388, 600, 397, 348, 331, 354, 530, 342]),
     'hedra': array([[7.70307549, 9.94971927, 9.63095608],
       [9.63227729, 7.97598976, 9.62759369],
       [9.63158911, 7.97553414, 5.77612056],
       [7.70336718, 9.95092061, 5.77291974],
       [5.77503593, 9.95219326, 7.70162441],
       [9.63187127, 9.95281895, 7.70189985],
       [5.77416459, 7.97632493, 5.77456096],
       [5.77295396, 7.97601725, 9.62919876],
       [7.70242226, 5.90358706, 5.7742091 ],
       [7.70253857, 5.9043599 , 9.62950443],
       [9.63148271, 5.9009825 , 7.70201286],
       [5.77301687, 5.90241689, 7.7020028 ]]),
     'alpha': array([0, 0, 0])}

('A', 'Pb', 5)
{    'p': array([1.14670231e-04, 5.36626700e-02, 5.89943531e-05]),
     'd': array([0.00087955, 0.41160485, 0.0004525 ]),
     'hedra_idx': array([324, 616, 617, 389, 397, 608, 601, 537, 531, 319, 330, 331]),
     'hedra': array([[5.77305933, 7.97638427, 1.91484279],
       [7.70318086, 9.95008628, 1.91660011],
       [7.70336718, 9.95092061, 5.77291974],
       [5.77487272, 9.9499657 , 3.84471284],
       [5.77416459, 7.97632493, 5.77456096],
       [9.63238266, 7.97635677, 1.91323773],
       [9.63201483, 9.94853528, 3.84482526],
       [9.63158911, 7.97553414, 5.77612056],
       [9.63042938, 5.9055167 , 3.84454494],
       [5.7738617 , 5.90463348, 3.84470363],
       [7.70264394, 5.90472692, 1.91514847],
       [7.70242226, 5.90358706, 5.7742091 ]]),
     'alpha': array([0, 0, 0])}

('A', 'Pb', 6)
{    'p': array([5.76582897e-06, 5.37066064e-02, 1.19293139e-04]),
     'd': array([4.42252157e-05, 4.11941849e-01, 9.15005424e-04]),
     'hedra_idx': array([342, 331, 354, 350, 530, 539, 562, 327, 528, 316, 568, 545]),
     'hedra': array([[5.77301687, 5.90241689, 7.7020028 ],
       [7.70242226, 5.90358706, 5.7742091 ],
       [7.70253857, 5.9043599 , 9.62950443],
       [5.77548592, 3.92827669, 9.63180489],
       [9.63148271, 5.9009825 , 7.70201286],
       [9.63121455, 3.92822079, 5.77152026],
       [9.62879065, 3.92797544, 9.63283019],
       [5.77345534, 3.92903533, 5.77235296],
       [9.63068101, 1.85772786, 7.70202801],
       [5.77384567, 1.85710217, 7.70175257],
       [7.70188523, 1.85462818, 9.63108424],
       [7.70217692, 1.85582952, 5.7730479 ]]),
     'alpha': array([0, 0, 0])}

('A', 'Pb', 7)
{    'p': array([-4.82448887e-06,  5.36972040e-02, -1.29790748e-04]),
     'd': array([-3.70049236e-05,  4.11869731e-01, -9.95524466e-04]),
     'hedra_idx': array([115, 114, 315, 103, 322, 323, 111, 110, 328, 329, 101, 313]),
     'hedra': array([[-0.01164172,  5.90517739,  5.77425197],
       [-0.01142004,  5.90631726,  1.91519134],
       [ 1.9163654 ,  5.90710704,  3.84458782],
       [-1.94020228,  5.90622382,  3.84474651],
       [ 1.91483203,  3.92993279,  1.91851709],
       [ 1.91715057,  3.92981113,  5.77156314],
       [-1.94060864,  3.93062567,  5.77239583],
       [-1.93847269,  3.93023405,  1.9174918 ],
       [-0.01207338,  1.85658553,  1.91677115],
       [-0.01188706,  1.85741986,  5.77309078],
       [-1.94038152,  1.85646495,  3.84488388],
       [ 1.91676059,  1.85503453,  3.84499629]]),
     'alpha': array([0, 0, 0])}

('A', 'Pb', 8)
{    'p': array([-2.97221378e-05,  5.36969114e-02, -8.91854267e-05]),
     'd': array([-2.27975536e-04,  4.11867486e-01, -6.84072446e-04]),
     'hedra_idx': array([288, 309, 292, 332, 320, 218, 239, 225, 246, 301, 252, 262]),
     'hedra': array([[ 1.9167224 ,  1.85968521, -0.01228509],
       [ 3.84507995,  1.85685575, -1.9410923 ],
       [ 5.77395104,  1.85746918, -0.0126034 ],
       [ 3.84492671,  1.85800208,  1.91638573],
       [ 1.91712842, -0.11714398,  1.91340876],
       [ 1.91633384, -2.19215124, -0.01217207],
       [ 3.84434089, -2.19081365, -1.94077863],
       [ 1.91644024, -0.1175996 , -1.93806437],
       [ 5.77193198, -2.19230718, -0.01222501],
       [ 5.7730797 , -0.11839915, -1.93966685],
       [ 5.77186907, -0.11870682,  1.91497095],
       [ 3.84436201, -2.19217256,  1.91645136]]),
     'alpha': array([0, 0, 0])}

('A', 'Pb', 9)
{    'p': array([1.87181638e-04, 5.37978874e-02, 3.34726042e-05]),
     'd': array([1.43572561e-03, 4.12641996e-01, 2.56742464e-04]),
     'hedra_idx': array([333, 247, 252, 249, 313, 317, 243, 320, 325, 332, 263, 262]),
     'hedra': array([[ 3.84497458,  1.85648873,  5.77326366],
       [ 5.77267144, -2.19045761,  3.84483179],
       [ 5.77186907, -0.11870682,  1.91497095],
       [ 1.91633487, -0.11796661,  5.77629159],
       [ 1.91676059,  1.85503453,  3.84499629],
       [ 5.77368246,  1.85487462,  3.844841  ],
       [ 1.91517514, -2.18798405,  3.84471598],
       [ 1.91712842, -0.11714398,  1.91340876],
       [ 5.77297433, -0.11876616,  5.77468912],
       [ 3.84492671,  1.85800208,  1.91638573],
       [ 3.84423552, -2.19118066,  5.77357734],
       [ 3.84436201, -2.19217256,  1.91645136]]),
     'alpha': array([0, 0, 0])}

('A', 'Pb', 10)
{    'p': array([-3.44101121e-05,  5.36813882e-02, -8.20080909e-05]),
     'd': array([-2.63933363e-04,  4.11748420e-01, -6.29020653e-04]),
     'hedra_idx': array([342, 335, 314, 358, 323, 327, 350, 346, 312, 356, 316, 333]),
     'hedra': array([[5.77301687, 5.90241689, 7.7020028 ],
       [3.84542578, 5.90391043, 5.77344918],
       [1.91741873, 5.90257284, 7.70205574],
       [3.8454469 , 5.90255152, 9.63067917],
       [1.91715057, 3.92981113, 5.77156314],
       [5.77345534, 3.92903533, 5.77235296],
       [5.77548592, 3.92827669, 9.63180489],
       [1.91472667, 3.92956578, 9.63287306],
       [1.91661703, 1.8593182 , 7.70207088],
       [3.84482134, 1.85763507, 9.6307417 ],
       [5.77384567, 1.85710217, 7.70175257],
       [3.84497458, 1.85648873, 5.77326366]]),
     'alpha': array([0, 0, 0])}

('A', 'Pb', 11)
{    'p': array([-7.77006404e-06,  5.37536745e-02, -3.29765413e-06]),
     'd': array([-5.95981531e-05,  4.12302873e-01, -2.52937550e-05]),
     'hedra_idx': array([335, 333, 323, 326, 334, 313, 315, 327, 332, 319, 322, 317]),
     'hedra': array([[3.84542578, 5.90391043, 5.77344918],
       [3.84497458, 1.85648873, 5.77326366],
       [1.91715057, 3.92981113, 5.77156314],
       [5.77559129, 3.92864371, 1.91744892],
       [3.84555227, 5.90291853, 1.9163232 ],
       [1.91676059, 1.85503453, 3.84499629],
       [1.9163654 , 5.90710704, 3.84458782],
       [5.77345534, 3.92903533, 5.77235296],
       [3.84492671, 1.85800208, 1.91638573],
       [5.7738617 , 5.90463348, 3.84470363],
       [1.91483203, 3.92993279, 1.91851709],
       [5.77368246, 1.85487462, 3.844841  ]]),
     'alpha': array([0, 0, 0])}

('B', 'Ti', 12)
{    'p': array([ 3.51913488e-06,  5.71874089e-02, -7.00942060e-06]),
     'd': array([ 1.47780510e-05,  2.40149490e-01, -2.94349545e-05]),
     'hedra_idx': array([329, 323, 312, 333, 313, 249]),
     'hedra': array([[-0.01188706,  1.85741986,  5.77309078],
       [ 1.91715057,  3.92981113,  5.77156314],
       [ 1.91661703,  1.8593182 ,  7.70207088],
       [ 3.84497458,  1.85648873,  5.77326366],
       [ 1.91676059,  1.85503453,  3.84499629],
       [ 1.91633487, -0.11796661,  5.77629159]]),
     'alpha': array([162.94701166, 179.98433063, 162.96087137])}

('B', 'Ti', 13)
{    'p': array([8.54790263e-05, 5.72065415e-02, 1.71151199e-05]),
     'd': array([3.58955667e-04, 2.40229834e-01, 7.18722423e-05]),
     'hedra_idx': array([290, 334, 392, 322, 315, 114]),
     'hedra': array([[ 1.9175241 ,  5.90293985, -0.01230023],
       [ 3.84555227,  5.90291853,  1.9163232 ],
       [ 1.91831868,  7.97794711,  1.9132806 ],
       [ 1.91483203,  3.92993279,  1.91851709],
       [ 1.9163654 ,  5.90710704,  3.84458782],
       [-0.01142004,  5.90631726,  1.91519134]]),
     'alpha': array([162.92223171, 179.94841175, 162.9454588 ])}

('B', 'Ti', 14)
{    'p': array([-3.44174999e-05,  5.71256639e-02,  2.87833533e-05]),
     'd': array([-1.44530854e-04,  2.39890201e-01,  1.20871145e-04]),
     'hedra_idx': array([317, 326, 292, 332, 544, 252]),
     'hedra': array([[ 5.77368246,  1.85487462,  3.844841  ],
       [ 5.77559129,  3.92864371,  1.91744892],
       [ 5.77395104,  1.85746918, -0.0126034 ],
       [ 3.84492671,  1.85800208,  1.91638573],
       [ 7.7019906 ,  1.8549952 ,  1.91672827],
       [ 5.77186907, -0.11870682,  1.91497095]]),
     'alpha': array([162.99192893, 179.96282058, 162.97456571])}

('B', 'Ti', 15)
{    'p': array([ 7.72811642e-05,  5.70931689e-02, -7.81864486e-06]),
     'd': array([ 3.24530040e-04,  2.39753743e-01, -3.28331639e-05]),
     'hedra_idx': array([331, 335, 397, 319, 342, 327]),
     'hedra': array([[7.70242226, 5.90358706, 5.7742091 ],
       [3.84542578, 5.90391043, 5.77344918],
       [5.77416459, 7.97632493, 5.77456096],
       [5.7738617 , 5.90463348, 3.84470363],
       [5.77301687, 5.90241689, 7.7020028 ],
       [5.77345534, 3.92903533, 5.77235296]]),
     'alpha': array([162.97270607, 179.97253094, 162.96099988])}

